<?xml version="1.0" encoding="UTF-8"?>
<testng-results skipped="0" failed="0" ignored="0" total="1" passed="1">
  <reporter-output>
  </reporter-output>
  <suite name="Default suite" duration-ms="15917" started-at="2022-05-31T17:55:05 CDT" finished-at="2022-05-31T17:55:21 CDT">
    <groups>
    </groups>
    <test name="Default test" duration-ms="15917" started-at="2022-05-31T17:55:05 CDT" finished-at="2022-05-31T17:55:21 CDT">
      <class name="tests.IFramePract">
        <test-method status="PASS" signature="iframePractice()[pri:0, instance:tests.IFramePract@2173f6d9]" name="iframePractice" duration-ms="15888" started-at="2022-05-31T17:55:05 CDT" finished-at="2022-05-31T17:55:21 CDT">
          <reporter-output>
          </reporter-output>
        </test-method> <!-- iframePractice -->
      </class> <!-- tests.IFramePract -->
    </test> <!-- Default test -->
  </suite> <!-- Default suite -->
</testng-results>
